ARM GAS  /tmp/ccp8BhCE.s 			page 1


   1              		.cpu cortex-m4
   2              		.arch armv7e-m
   3              		.fpu fpv4-sp-d16
   4              		.eabi_attribute 27, 1
   5              		.eabi_attribute 28, 1
   6              		.eabi_attribute 20, 1
   7              		.eabi_attribute 21, 1
   8              		.eabi_attribute 23, 3
   9              		.eabi_attribute 24, 1
  10              		.eabi_attribute 25, 1
  11              		.eabi_attribute 26, 1
  12              		.eabi_attribute 30, 1
  13              		.eabi_attribute 34, 1
  14              		.eabi_attribute 18, 4
  15              		.file	"objectlist.c"
  16              		.text
  17              	.Ltext0:
  18              		.cfi_sections	.debug_frame
  19              		.global	SDOobjects
  20              		.global	SDO7002
  21              		.global	SDO7001
  22              		.global	SDO7000
  23              		.global	SDO6502
  24              		.global	SDO6061
  25              		.global	SDO6060
  26              		.global	SDO6000
  27              		.global	SDO1C33
  28              		.global	SDO1C32
  29              		.global	SDO1C13
  30              		.global	SDO1C12
  31              		.global	SDO1C00
  32              		.global	SDO1A00
  33              		.global	SDO1602
  34              		.global	SDO1601
  35              		.global	SDO1600
  36              		.global	SDO10F1
  37              		.global	SDO1018
  38              		.global	SDO100A
  39              		.section	.rodata.str1.4,"aMS",%progbits,1
  40              		.align	2
  41              	.LC0:
  42 0000 302E302E 		.ascii	"0.0.1\000"
  42      3100
  43              		.global	SDO1009
  44              		.global	SDO1008
  45 0006 0000     		.align	2
  46              	.LC1:
  47 0008 45636174 		.ascii	"Ecat2can\000"
  47      3263616E 
  47      00
  48              		.global	SDO1001
  49              		.global	SDO1000
  50              		.section	.rodata.SDO1000,"a"
  51              		.align	2
  54              	SDO1000:
  55 0000 0000     		.short	0
  56 0002 0700     		.short	7
ARM GAS  /tmp/ccp8BhCE.s 			page 2


  57 0004 2000     		.short	32
  58 0006 0700     		.short	7
  59 0008 00000000 		.word	acName1000
  60 000c 89130000 		.word	5001
  61 0010 00000000 		.word	0
  62              		.section	.rodata.SDO1001,"a"
  63              		.align	2
  66              	SDO1001:
  67 0000 0000     		.short	0
  68 0002 0500     		.short	5
  69 0004 0800     		.short	8
  70 0006 0700     		.short	7
  71 0008 00000000 		.word	acName1001
  72 000c 00000000 		.word	0
  73 0010 1B000000 		.word	Obj+27
  74              		.section	.rodata.SDO1008,"a"
  75              		.align	2
  78              	SDO1008:
  79 0000 0000     		.short	0
  80 0002 0900     		.short	9
  81 0004 4000     		.short	64
  82 0006 0700     		.short	7
  83 0008 00000000 		.word	acName1008
  84 000c 00000000 		.word	0
  85 0010 08000000 		.word	.LC1
  86              		.section	.rodata.SDO1009,"a"
  87              		.align	2
  90              	SDO1009:
  91 0000 0000     		.short	0
  92 0002 0900     		.short	9
  93 0004 2800     		.short	40
  94 0006 0700     		.short	7
  95 0008 00000000 		.word	acName1009
  96 000c 00000000 		.word	0
  97 0010 00000000 		.word	.LC0
  98              		.section	.rodata.SDO100A,"a"
  99              		.align	2
 102              	SDO100A:
 103 0000 0000     		.short	0
 104 0002 0900     		.short	9
 105 0004 2800     		.short	40
 106 0006 0700     		.short	7
 107 0008 00000000 		.word	acName100A
 108 000c 00000000 		.word	0
 109 0010 00000000 		.word	.LC0
 110              		.section	.rodata.SDO1018,"a"
 111              		.align	2
 114              	SDO1018:
 115 0000 0000     		.short	0
 116 0002 0500     		.short	5
 117 0004 0800     		.short	8
 118 0006 0700     		.short	7
 119 0008 00000000 		.word	acName1018_00
 120 000c 04000000 		.word	4
 121 0010 00000000 		.word	0
 122 0014 0100     		.short	1
 123 0016 0700     		.short	7
ARM GAS  /tmp/ccp8BhCE.s 			page 3


 124 0018 2000     		.short	32
 125 001a 0700     		.short	7
 126 001c 00000000 		.word	acName1018_01
 127 0020 00000000 		.word	0
 128 0024 00000000 		.word	0
 129 0028 0200     		.short	2
 130 002a 0700     		.short	7
 131 002c 2000     		.short	32
 132 002e 0700     		.short	7
 133 0030 00000000 		.word	acName1018_02
 134 0034 23B10A00 		.word	700707
 135 0038 00000000 		.word	0
 136 003c 0300     		.short	3
 137 003e 0700     		.short	7
 138 0040 2000     		.short	32
 139 0042 0700     		.short	7
 140 0044 00000000 		.word	acName1018_03
 141 0048 02000000 		.word	2
 142 004c 00000000 		.word	0
 143 0050 0400     		.short	4
 144 0052 0700     		.short	7
 145 0054 2000     		.short	32
 146 0056 0700     		.short	7
 147 0058 00000000 		.word	acName1018_04
 148 005c 01000000 		.word	1
 149 0060 00000000 		.word	Obj
 150              		.section	.rodata.SDO10F1,"a"
 151              		.align	2
 154              	SDO10F1:
 155 0000 0000     		.short	0
 156 0002 0500     		.short	5
 157 0004 0800     		.short	8
 158 0006 0700     		.short	7
 159 0008 00000000 		.word	acName10F1_00
 160 000c 02000000 		.word	2
 161 0010 00000000 		.word	0
 162 0014 0100     		.short	1
 163 0016 0700     		.short	7
 164 0018 2000     		.short	32
 165 001a 0700     		.short	7
 166 001c 00000000 		.word	acName10F1_01
 167 0020 00000000 		.word	0
 168 0024 1C000000 		.word	Obj+28
 169 0028 0200     		.short	2
 170 002a 0700     		.short	7
 171 002c 2000     		.short	32
 172 002e 0700     		.short	7
 173 0030 00000000 		.word	acName10F1_02
 174 0034 C8000000 		.word	200
 175 0038 20000000 		.word	Obj+32
 176              		.section	.rodata.SDO1600,"a"
 177              		.align	2
 180              	SDO1600:
 181 0000 0000     		.short	0
 182 0002 0500     		.short	5
 183 0004 0800     		.short	8
 184 0006 0700     		.short	7
ARM GAS  /tmp/ccp8BhCE.s 			page 4


 185 0008 00000000 		.word	acName1600_00
 186 000c 05000000 		.word	5
 187 0010 00000000 		.word	0
 188 0014 0100     		.short	1
 189 0016 0700     		.short	7
 190 0018 2000     		.short	32
 191 001a 0700     		.short	7
 192 001c 00000000 		.word	acName1600_01
 193 0020 20010070 		.word	1879048480
 194 0024 00000000 		.word	0
 195 0028 0200     		.short	2
 196 002a 0700     		.short	7
 197 002c 2000     		.short	32
 198 002e 0700     		.short	7
 199 0030 00000000 		.word	acName1600_02
 200 0034 08020070 		.word	1879048712
 201 0038 00000000 		.word	0
 202 003c 0300     		.short	3
 203 003e 0700     		.short	7
 204 0040 2000     		.short	32
 205 0042 0700     		.short	7
 206 0044 00000000 		.word	acName1600_03
 207 0048 08030070 		.word	1879048968
 208 004c 00000000 		.word	0
 209 0050 0400     		.short	4
 210 0052 0700     		.short	7
 211 0054 2000     		.short	32
 212 0056 0700     		.short	7
 213 0058 00000000 		.word	acName1600_04
 214 005c 08040070 		.word	1879049224
 215 0060 00000000 		.word	0
 216 0064 0500     		.short	5
 217 0066 0700     		.short	7
 218 0068 2000     		.short	32
 219 006a 0700     		.short	7
 220 006c 00000000 		.word	acName1600_05
 221 0070 08050070 		.word	1879049480
 222 0074 00000000 		.word	0
 223              		.section	.rodata.SDO1601,"a"
 224              		.align	2
 227              	SDO1601:
 228 0000 0000     		.short	0
 229 0002 0500     		.short	5
 230 0004 0800     		.short	8
 231 0006 0700     		.short	7
 232 0008 00000000 		.word	acName1601_00
 233 000c 08000000 		.word	8
 234 0010 00000000 		.word	0
 235 0014 0100     		.short	1
 236 0016 0700     		.short	7
 237 0018 2000     		.short	32
 238 001a 0700     		.short	7
 239 001c 00000000 		.word	acName1601_01
 240 0020 08010170 		.word	1879113992
 241 0024 00000000 		.word	0
 242 0028 0200     		.short	2
 243 002a 0700     		.short	7
ARM GAS  /tmp/ccp8BhCE.s 			page 5


 244 002c 2000     		.short	32
 245 002e 0700     		.short	7
 246 0030 00000000 		.word	acName1601_02
 247 0034 08020170 		.word	1879114248
 248 0038 00000000 		.word	0
 249 003c 0300     		.short	3
 250 003e 0700     		.short	7
 251 0040 2000     		.short	32
 252 0042 0700     		.short	7
 253 0044 00000000 		.word	acName1601_03
 254 0048 08030170 		.word	1879114504
 255 004c 00000000 		.word	0
 256 0050 0400     		.short	4
 257 0052 0700     		.short	7
 258 0054 2000     		.short	32
 259 0056 0700     		.short	7
 260 0058 00000000 		.word	acName1601_04
 261 005c 08040170 		.word	1879114760
 262 0060 00000000 		.word	0
 263 0064 0500     		.short	5
 264 0066 0700     		.short	7
 265 0068 2000     		.short	32
 266 006a 0700     		.short	7
 267 006c 00000000 		.word	acName1601_05
 268 0070 08050170 		.word	1879115016
 269 0074 00000000 		.word	0
 270 0078 0600     		.short	6
 271 007a 0700     		.short	7
 272 007c 2000     		.short	32
 273 007e 0700     		.short	7
 274 0080 00000000 		.word	acName1601_06
 275 0084 08060170 		.word	1879115272
 276 0088 00000000 		.word	0
 277 008c 0700     		.short	7
 278 008e 0700     		.short	7
 279 0090 2000     		.short	32
 280 0092 0700     		.short	7
 281 0094 00000000 		.word	acName1601_07
 282 0098 08070170 		.word	1879115528
 283 009c 00000000 		.word	0
 284 00a0 0800     		.short	8
 285 00a2 0700     		.short	7
 286 00a4 2000     		.short	32
 287 00a6 0700     		.short	7
 288 00a8 00000000 		.word	acName1601_08
 289 00ac 08080170 		.word	1879115784
 290 00b0 00000000 		.word	0
 291              		.section	.rodata.SDO1602,"a"
 292              		.align	2
 295              	SDO1602:
 296 0000 0000     		.short	0
 297 0002 0500     		.short	5
 298 0004 0800     		.short	8
 299 0006 0700     		.short	7
 300 0008 00000000 		.word	acName1602_00
 301 000c 03000000 		.word	3
 302 0010 00000000 		.word	0
ARM GAS  /tmp/ccp8BhCE.s 			page 6


 303 0014 0100     		.short	1
 304 0016 0700     		.short	7
 305 0018 2000     		.short	32
 306 001a 0700     		.short	7
 307 001c 00000000 		.word	acName1602_01
 308 0020 01010270 		.word	1879179521
 309 0024 00000000 		.word	0
 310 0028 0200     		.short	2
 311 002a 0700     		.short	7
 312 002c 2000     		.short	32
 313 002e 0700     		.short	7
 314 0030 00000000 		.word	acName1602_02
 315 0034 01020270 		.word	1879179777
 316 0038 00000000 		.word	0
 317 003c 0300     		.short	3
 318 003e 0700     		.short	7
 319 0040 2000     		.short	32
 320 0042 0700     		.short	7
 321 0044 00000000 		.word	acName1602_03
 322 0048 01030270 		.word	1879180033
 323 004c 00000000 		.word	0
 324              		.section	.rodata.SDO1A00,"a"
 325              		.align	2
 328              	SDO1A00:
 329 0000 0000     		.short	0
 330 0002 0500     		.short	5
 331 0004 0800     		.short	8
 332 0006 0700     		.short	7
 333 0008 00000000 		.word	acName1A00_00
 334 000c 01000000 		.word	1
 335 0010 00000000 		.word	0
 336 0014 0100     		.short	1
 337 0016 0700     		.short	7
 338 0018 2000     		.short	32
 339 001a 0700     		.short	7
 340 001c 00000000 		.word	acName1A00_01
 341 0020 08010060 		.word	1610613000
 342 0024 00000000 		.word	0
 343              		.section	.rodata.SDO1C00,"a"
 344              		.align	2
 347              	SDO1C00:
 348 0000 0000     		.short	0
 349 0002 0500     		.short	5
 350 0004 0800     		.short	8
 351 0006 0700     		.short	7
 352 0008 00000000 		.word	acName1C00_00
 353 000c 04000000 		.word	4
 354 0010 00000000 		.word	0
 355 0014 0100     		.short	1
 356 0016 0500     		.short	5
 357 0018 0800     		.short	8
 358 001a 0700     		.short	7
 359 001c 00000000 		.word	acName1C00_01
 360 0020 01000000 		.word	1
 361 0024 00000000 		.word	0
 362 0028 0200     		.short	2
 363 002a 0500     		.short	5
ARM GAS  /tmp/ccp8BhCE.s 			page 7


 364 002c 0800     		.short	8
 365 002e 0700     		.short	7
 366 0030 00000000 		.word	acName1C00_02
 367 0034 02000000 		.word	2
 368 0038 00000000 		.word	0
 369 003c 0300     		.short	3
 370 003e 0500     		.short	5
 371 0040 0800     		.short	8
 372 0042 0700     		.short	7
 373 0044 00000000 		.word	acName1C00_03
 374 0048 03000000 		.word	3
 375 004c 00000000 		.word	0
 376 0050 0400     		.short	4
 377 0052 0500     		.short	5
 378 0054 0800     		.short	8
 379 0056 0700     		.short	7
 380 0058 00000000 		.word	acName1C00_04
 381 005c 04000000 		.word	4
 382 0060 00000000 		.word	0
 383              		.section	.rodata.SDO1C12,"a"
 384              		.align	2
 387              	SDO1C12:
 388 0000 0000     		.short	0
 389 0002 0500     		.short	5
 390 0004 0800     		.short	8
 391 0006 0700     		.short	7
 392 0008 00000000 		.word	acName1C12_00
 393 000c 03000000 		.word	3
 394 0010 00000000 		.word	0
 395 0014 0100     		.short	1
 396 0016 0600     		.short	6
 397 0018 1000     		.short	16
 398 001a 0700     		.short	7
 399 001c 00000000 		.word	acName1C12_01
 400 0020 00160000 		.word	5632
 401 0024 00000000 		.word	0
 402 0028 0200     		.short	2
 403 002a 0600     		.short	6
 404 002c 1000     		.short	16
 405 002e 0700     		.short	7
 406 0030 00000000 		.word	acName1C12_02
 407 0034 01160000 		.word	5633
 408 0038 00000000 		.word	0
 409 003c 0300     		.short	3
 410 003e 0600     		.short	6
 411 0040 1000     		.short	16
 412 0042 0700     		.short	7
 413 0044 00000000 		.word	acName1C12_03
 414 0048 02160000 		.word	5634
 415 004c 00000000 		.word	0
 416              		.section	.rodata.SDO1C13,"a"
 417              		.align	2
 420              	SDO1C13:
 421 0000 0000     		.short	0
 422 0002 0500     		.short	5
 423 0004 0800     		.short	8
 424 0006 0700     		.short	7
ARM GAS  /tmp/ccp8BhCE.s 			page 8


 425 0008 00000000 		.word	acName1C13_00
 426 000c 01000000 		.word	1
 427 0010 00000000 		.word	0
 428 0014 0100     		.short	1
 429 0016 0600     		.short	6
 430 0018 1000     		.short	16
 431 001a 0700     		.short	7
 432 001c 00000000 		.word	acName1C13_01
 433 0020 001A0000 		.word	6656
 434 0024 00000000 		.word	0
 435              		.section	.rodata.SDO1C32,"a"
 436              		.align	2
 439              	SDO1C32:
 440 0000 0000     		.short	0
 441 0002 0500     		.short	5
 442 0004 0800     		.short	8
 443 0006 0700     		.short	7
 444 0008 00000000 		.word	acName1C32_00
 445 000c 05000000 		.word	5
 446 0010 00000000 		.word	0
 447 0014 0100     		.short	1
 448 0016 0600     		.short	6
 449 0018 1000     		.short	16
 450 001a 0F00     		.short	15
 451 001c 00000000 		.word	acName1C32_01
 452 0020 01000000 		.word	1
 453 0024 24000000 		.word	Obj+36
 454 0028 0200     		.short	2
 455 002a 0700     		.short	7
 456 002c 2000     		.short	32
 457 002e 0700     		.short	7
 458 0030 00000000 		.word	acName1C32_02
 459 0034 00000000 		.word	0
 460 0038 28000000 		.word	Obj+40
 461 003c 0300     		.short	3
 462 003e 0700     		.short	7
 463 0040 2000     		.short	32
 464 0042 0700     		.short	7
 465 0044 00000000 		.word	acName1C32_03
 466 0048 00000000 		.word	0
 467 004c 2C000000 		.word	Obj+44
 468 0050 0400     		.short	4
 469 0052 0600     		.short	6
 470 0054 1000     		.short	16
 471 0056 0700     		.short	7
 472 0058 00000000 		.word	acName1C32_04
 473 005c 06000000 		.word	6
 474 0060 30000000 		.word	Obj+48
 475 0064 0500     		.short	5
 476 0066 0700     		.short	7
 477 0068 2000     		.short	32
 478 006a 0700     		.short	7
 479 006c 00000000 		.word	acName1C32_05
 480 0070 48E80100 		.word	125000
 481 0074 34000000 		.word	Obj+52
 482              		.section	.rodata.SDO1C33,"a"
 483              		.align	2
ARM GAS  /tmp/ccp8BhCE.s 			page 9


 486              	SDO1C33:
 487 0000 0000     		.short	0
 488 0002 0500     		.short	5
 489 0004 0800     		.short	8
 490 0006 0700     		.short	7
 491 0008 00000000 		.word	acName1C33_00
 492 000c 05000000 		.word	5
 493 0010 00000000 		.word	0
 494 0014 0100     		.short	1
 495 0016 0600     		.short	6
 496 0018 1000     		.short	16
 497 001a 0F00     		.short	15
 498 001c 00000000 		.word	acName1C33_01
 499 0020 01000000 		.word	1
 500 0024 38000000 		.word	Obj+56
 501 0028 0200     		.short	2
 502 002a 0700     		.short	7
 503 002c 2000     		.short	32
 504 002e 0700     		.short	7
 505 0030 00000000 		.word	acName1C33_02
 506 0034 00000000 		.word	0
 507 0038 3C000000 		.word	Obj+60
 508 003c 0300     		.short	3
 509 003e 0700     		.short	7
 510 0040 2000     		.short	32
 511 0042 0700     		.short	7
 512 0044 00000000 		.word	acName1C33_03
 513 0048 00000000 		.word	0
 514 004c 40000000 		.word	Obj+64
 515 0050 0400     		.short	4
 516 0052 0600     		.short	6
 517 0054 1000     		.short	16
 518 0056 0700     		.short	7
 519 0058 00000000 		.word	acName1C33_04
 520 005c 06000000 		.word	6
 521 0060 44000000 		.word	Obj+68
 522 0064 0500     		.short	5
 523 0066 0700     		.short	7
 524 0068 2000     		.short	32
 525 006a 0700     		.short	7
 526 006c 00000000 		.word	acName1C33_05
 527 0070 48E80100 		.word	125000
 528 0074 48000000 		.word	Obj+72
 529              		.section	.rodata.SDO6000,"a"
 530              		.align	2
 533              	SDO6000:
 534 0000 0000     		.short	0
 535 0002 0500     		.short	5
 536 0004 0800     		.short	8
 537 0006 0700     		.short	7
 538 0008 00000000 		.word	acName6000_00
 539 000c 01000000 		.word	1
 540 0010 00000000 		.word	0
 541 0014 0100     		.short	1
 542 0016 0500     		.short	5
 543 0018 0800     		.short	8
 544 001a 3F00     		.short	63
ARM GAS  /tmp/ccp8BhCE.s 			page 10


 545 001c 00000000 		.word	acName6000_01
 546 0020 00000000 		.word	0
 547 0024 04000000 		.word	Obj+4
 548              		.section	.rodata.SDO6060,"a"
 549              		.align	2
 552              	SDO6060:
 553 0000 0000     		.short	0
 554 0002 0200     		.short	2
 555 0004 0800     		.short	8
 556 0006 0700     		.short	7
 557 0008 00000000 		.word	acName6060
 558 000c 00000000 		.word	0
 559 0010 4C000000 		.word	Obj+76
 560              		.section	.rodata.SDO6061,"a"
 561              		.align	2
 564              	SDO6061:
 565 0000 0000     		.short	0
 566 0002 0200     		.short	2
 567 0004 0800     		.short	8
 568 0006 0700     		.short	7
 569 0008 00000000 		.word	acName6061
 570 000c 00000000 		.word	0
 571 0010 4D000000 		.word	Obj+77
 572              		.section	.rodata.SDO6502,"a"
 573              		.align	2
 576              	SDO6502:
 577 0000 0000     		.short	0
 578 0002 0700     		.short	7
 579 0004 2000     		.short	32
 580 0006 0700     		.short	7
 581 0008 00000000 		.word	acName6502
 582 000c 00000000 		.word	0
 583 0010 50000000 		.word	Obj+80
 584              		.section	.rodata.SDO7000,"a"
 585              		.align	2
 588              	SDO7000:
 589 0000 0000     		.short	0
 590 0002 0500     		.short	5
 591 0004 0800     		.short	8
 592 0006 0700     		.short	7
 593 0008 00000000 		.word	acName7000_00
 594 000c 05000000 		.word	5
 595 0010 00000000 		.word	0
 596 0014 0100     		.short	1
 597 0016 0700     		.short	7
 598 0018 2000     		.short	32
 599 001a 0700     		.short	7
 600 001c 00000000 		.word	acName7000_01
 601 0020 00000000 		.word	0
 602 0024 08000000 		.word	Obj+8
 603 0028 0200     		.short	2
 604 002a 0500     		.short	5
 605 002c 0800     		.short	8
 606 002e 0700     		.short	7
 607 0030 00000000 		.word	acName7000_02
 608 0034 00000000 		.word	0
 609 0038 0C000000 		.word	Obj+12
ARM GAS  /tmp/ccp8BhCE.s 			page 11


 610 003c 0300     		.short	3
 611 003e 0500     		.short	5
 612 0040 0800     		.short	8
 613 0042 0700     		.short	7
 614 0044 00000000 		.word	acName7000_03
 615 0048 00000000 		.word	0
 616 004c 0D000000 		.word	Obj+13
 617 0050 0400     		.short	4
 618 0052 0500     		.short	5
 619 0054 0800     		.short	8
 620 0056 0700     		.short	7
 621 0058 00000000 		.word	acName7000_04
 622 005c 00000000 		.word	0
 623 0060 0E000000 		.word	Obj+14
 624 0064 0500     		.short	5
 625 0066 0500     		.short	5
 626 0068 0800     		.short	8
 627 006a 0700     		.short	7
 628 006c 00000000 		.word	acName7000_05
 629 0070 00000000 		.word	0
 630 0074 0F000000 		.word	Obj+15
 631              		.section	.rodata.SDO7001,"a"
 632              		.align	2
 635              	SDO7001:
 636 0000 0000     		.short	0
 637 0002 0500     		.short	5
 638 0004 0800     		.short	8
 639 0006 0700     		.short	7
 640 0008 00000000 		.word	acName7001_00
 641 000c 08000000 		.word	8
 642 0010 00000000 		.word	0
 643 0014 0100     		.short	1
 644 0016 0500     		.short	5
 645 0018 0800     		.short	8
 646 001a 4700     		.short	71
 647 001c 00000000 		.word	acName7001_01
 648 0020 00000000 		.word	0
 649 0024 10000000 		.word	Obj+16
 650 0028 0200     		.short	2
 651 002a 0500     		.short	5
 652 002c 0800     		.short	8
 653 002e 4700     		.short	71
 654 0030 00000000 		.word	acName7001_02
 655 0034 00000000 		.word	0
 656 0038 11000000 		.word	Obj+17
 657 003c 0300     		.short	3
 658 003e 0500     		.short	5
 659 0040 0800     		.short	8
 660 0042 4700     		.short	71
 661 0044 00000000 		.word	acName7001_03
 662 0048 00000000 		.word	0
 663 004c 12000000 		.word	Obj+18
 664 0050 0400     		.short	4
 665 0052 0500     		.short	5
 666 0054 0800     		.short	8
 667 0056 4700     		.short	71
 668 0058 00000000 		.word	acName7001_04
ARM GAS  /tmp/ccp8BhCE.s 			page 12


 669 005c 00000000 		.word	0
 670 0060 13000000 		.word	Obj+19
 671 0064 0500     		.short	5
 672 0066 0500     		.short	5
 673 0068 0800     		.short	8
 674 006a 4700     		.short	71
 675 006c 00000000 		.word	acName7001_05
 676 0070 00000000 		.word	0
 677 0074 14000000 		.word	Obj+20
 678 0078 0600     		.short	6
 679 007a 0500     		.short	5
 680 007c 0800     		.short	8
 681 007e 4700     		.short	71
 682 0080 00000000 		.word	acName7001_06
 683 0084 00000000 		.word	0
 684 0088 15000000 		.word	Obj+21
 685 008c 0700     		.short	7
 686 008e 0500     		.short	5
 687 0090 0800     		.short	8
 688 0092 4700     		.short	71
 689 0094 00000000 		.word	acName7001_07
 690 0098 00000000 		.word	0
 691 009c 16000000 		.word	Obj+22
 692 00a0 0800     		.short	8
 693 00a2 0500     		.short	5
 694 00a4 0800     		.short	8
 695 00a6 4700     		.short	71
 696 00a8 00000000 		.word	acName7001_08
 697 00ac 00000000 		.word	0
 698 00b0 17000000 		.word	Obj+23
 699              		.section	.rodata.SDO7002,"a"
 700              		.align	2
 703              	SDO7002:
 704 0000 0000     		.short	0
 705 0002 0500     		.short	5
 706 0004 0800     		.short	8
 707 0006 0700     		.short	7
 708 0008 00000000 		.word	acName7002_00
 709 000c 03000000 		.word	3
 710 0010 00000000 		.word	0
 711 0014 0100     		.short	1
 712 0016 0100     		.short	1
 713 0018 0100     		.short	1
 714 001a 4700     		.short	71
 715 001c 00000000 		.word	acName7002_01
 716 0020 00000000 		.word	0
 717 0024 18000000 		.word	Obj+24
 718 0028 0200     		.short	2
 719 002a 0100     		.short	1
 720 002c 0100     		.short	1
 721 002e 4700     		.short	71
 722 0030 00000000 		.word	acName7002_02
 723 0034 00000000 		.word	0
 724 0038 19000000 		.word	Obj+25
 725 003c 0300     		.short	3
 726 003e 0100     		.short	1
 727 0040 0100     		.short	1
ARM GAS  /tmp/ccp8BhCE.s 			page 13


 728 0042 4700     		.short	71
 729 0044 00000000 		.word	acName7002_03
 730 0048 00000000 		.word	0
 731 004c 1A000000 		.word	Obj+26
 732              		.section	.rodata.SDOobjects,"a"
 733              		.align	2
 736              	SDOobjects:
 737 0000 0010     		.short	4096
 738 0002 0700     		.short	7
 739 0004 00       		.byte	0
 740 0005 00       		.byte	0
 741 0006 0000     		.space	2
 742 0008 00000000 		.word	acName1000
 743 000c 00000000 		.word	SDO1000
 744 0010 0110     		.short	4097
 745 0012 0700     		.short	7
 746 0014 00       		.byte	0
 747 0015 00       		.byte	0
 748 0016 0000     		.space	2
 749 0018 00000000 		.word	acName1001
 750 001c 00000000 		.word	SDO1001
 751 0020 0810     		.short	4104
 752 0022 0700     		.short	7
 753 0024 00       		.byte	0
 754 0025 00       		.byte	0
 755 0026 0000     		.space	2
 756 0028 00000000 		.word	acName1008
 757 002c 00000000 		.word	SDO1008
 758 0030 0910     		.short	4105
 759 0032 0700     		.short	7
 760 0034 00       		.byte	0
 761 0035 00       		.byte	0
 762 0036 0000     		.space	2
 763 0038 00000000 		.word	acName1009
 764 003c 00000000 		.word	SDO1009
 765 0040 0A10     		.short	4106
 766 0042 0700     		.short	7
 767 0044 00       		.byte	0
 768 0045 00       		.byte	0
 769 0046 0000     		.space	2
 770 0048 00000000 		.word	acName100A
 771 004c 00000000 		.word	SDO100A
 772 0050 1810     		.short	4120
 773 0052 0900     		.short	9
 774 0054 04       		.byte	4
 775 0055 00       		.byte	0
 776 0056 0000     		.space	2
 777 0058 00000000 		.word	acName1018
 778 005c 00000000 		.word	SDO1018
 779 0060 F110     		.short	4337
 780 0062 0900     		.short	9
 781 0064 02       		.byte	2
 782 0065 00       		.byte	0
 783 0066 0000     		.space	2
 784 0068 00000000 		.word	acName10F1
 785 006c 00000000 		.word	SDO10F1
 786 0070 0016     		.short	5632
ARM GAS  /tmp/ccp8BhCE.s 			page 14


 787 0072 0900     		.short	9
 788 0074 05       		.byte	5
 789 0075 00       		.byte	0
 790 0076 0000     		.space	2
 791 0078 00000000 		.word	acName1600
 792 007c 00000000 		.word	SDO1600
 793 0080 0116     		.short	5633
 794 0082 0900     		.short	9
 795 0084 08       		.byte	8
 796 0085 00       		.byte	0
 797 0086 0000     		.space	2
 798 0088 00000000 		.word	acName1601
 799 008c 00000000 		.word	SDO1601
 800 0090 0216     		.short	5634
 801 0092 0900     		.short	9
 802 0094 03       		.byte	3
 803 0095 00       		.byte	0
 804 0096 0000     		.space	2
 805 0098 00000000 		.word	acName1602
 806 009c 00000000 		.word	SDO1602
 807 00a0 001A     		.short	6656
 808 00a2 0900     		.short	9
 809 00a4 01       		.byte	1
 810 00a5 00       		.byte	0
 811 00a6 0000     		.space	2
 812 00a8 00000000 		.word	acName1A00
 813 00ac 00000000 		.word	SDO1A00
 814 00b0 001C     		.short	7168
 815 00b2 0800     		.short	8
 816 00b4 04       		.byte	4
 817 00b5 00       		.byte	0
 818 00b6 0000     		.space	2
 819 00b8 00000000 		.word	acName1C00
 820 00bc 00000000 		.word	SDO1C00
 821 00c0 121C     		.short	7186
 822 00c2 0800     		.short	8
 823 00c4 03       		.byte	3
 824 00c5 00       		.byte	0
 825 00c6 0000     		.space	2
 826 00c8 00000000 		.word	acName1C12
 827 00cc 00000000 		.word	SDO1C12
 828 00d0 131C     		.short	7187
 829 00d2 0800     		.short	8
 830 00d4 01       		.byte	1
 831 00d5 00       		.byte	0
 832 00d6 0000     		.space	2
 833 00d8 00000000 		.word	acName1C13
 834 00dc 00000000 		.word	SDO1C13
 835 00e0 321C     		.short	7218
 836 00e2 0900     		.short	9
 837 00e4 05       		.byte	5
 838 00e5 00       		.byte	0
 839 00e6 0000     		.space	2
 840 00e8 00000000 		.word	acName1C32
 841 00ec 00000000 		.word	SDO1C32
 842 00f0 331C     		.short	7219
 843 00f2 0900     		.short	9
ARM GAS  /tmp/ccp8BhCE.s 			page 15


 844 00f4 05       		.byte	5
 845 00f5 00       		.byte	0
 846 00f6 0000     		.space	2
 847 00f8 00000000 		.word	acName1C33
 848 00fc 00000000 		.word	SDO1C33
 849 0100 0060     		.short	24576
 850 0102 0900     		.short	9
 851 0104 01       		.byte	1
 852 0105 00       		.byte	0
 853 0106 0000     		.space	2
 854 0108 00000000 		.word	acName6000
 855 010c 00000000 		.word	SDO6000
 856 0110 6060     		.short	24672
 857 0112 0700     		.short	7
 858 0114 00       		.byte	0
 859 0115 00       		.byte	0
 860 0116 0000     		.space	2
 861 0118 00000000 		.word	acName6060
 862 011c 00000000 		.word	SDO6060
 863 0120 6160     		.short	24673
 864 0122 0700     		.short	7
 865 0124 00       		.byte	0
 866 0125 00       		.byte	0
 867 0126 0000     		.space	2
 868 0128 00000000 		.word	acName6061
 869 012c 00000000 		.word	SDO6061
 870 0130 0265     		.short	25858
 871 0132 0700     		.short	7
 872 0134 00       		.byte	0
 873 0135 00       		.byte	0
 874 0136 0000     		.space	2
 875 0138 00000000 		.word	acName6502
 876 013c 00000000 		.word	SDO6502
 877 0140 0070     		.short	28672
 878 0142 0900     		.short	9
 879 0144 05       		.byte	5
 880 0145 00       		.byte	0
 881 0146 0000     		.space	2
 882 0148 00000000 		.word	acName7000
 883 014c 00000000 		.word	SDO7000
 884 0150 0170     		.short	28673
 885 0152 0800     		.short	8
 886 0154 08       		.byte	8
 887 0155 00       		.byte	0
 888 0156 0000     		.space	2
 889 0158 00000000 		.word	acName7001
 890 015c 00000000 		.word	SDO7001
 891 0160 0270     		.short	28674
 892 0162 0800     		.short	8
 893 0164 03       		.byte	3
 894 0165 00       		.byte	0
 895 0166 0000     		.space	2
 896 0168 00000000 		.word	acName7002
 897 016c 00000000 		.word	SDO7002
 898 0170 FFFF     		.short	-1
 899 0172 FF00     		.short	255
 900 0174 FF       		.byte	-1
ARM GAS  /tmp/ccp8BhCE.s 			page 16


 901 0175 FF       		.byte	-1
 902 0176 0000     		.space	2
 903 0178 00000000 		.word	0
 904 017c 00000000 		.word	0
 905              		.section	.rodata.acName1000,"a"
 906              		.align	2
 909              	acName1000:
 910 0000 44657669 		.ascii	"Device Type\000"
 910      63652054 
 910      79706500 
 911              		.section	.rodata.acName1001,"a"
 912              		.align	2
 915              	acName1001:
 916 0000 4572726F 		.ascii	"Error register\000"
 916      72207265 
 916      67697374 
 916      657200
 917              		.section	.rodata.acName1008,"a"
 918              		.align	2
 921              	acName1008:
 922 0000 44657669 		.ascii	"Device Name\000"
 922      6365204E 
 922      616D6500 
 923              		.section	.rodata.acName1009,"a"
 924              		.align	2
 927              	acName1009:
 928 0000 48617264 		.ascii	"Hardware Version\000"
 928      77617265 
 928      20566572 
 928      73696F6E 
 928      00
 929              		.section	.rodata.acName100A,"a"
 930              		.align	2
 933              	acName100A:
 934 0000 536F6674 		.ascii	"Software Version\000"
 934      77617265 
 934      20566572 
 934      73696F6E 
 934      00
 935              		.section	.rodata.acName1018,"a"
 936              		.align	2
 939              	acName1018:
 940 0000 4964656E 		.ascii	"Identity Object\000"
 940      74697479 
 940      204F626A 
 940      65637400 
 941              		.section	.rodata.acName1018_00,"a"
 942              		.align	2
 945              	acName1018_00:
 946 0000 4D617820 		.ascii	"Max SubIndex\000"
 946      53756249 
 946      6E646578 
 946      00
 947              		.section	.rodata.acName1018_01,"a"
 948              		.align	2
 951              	acName1018_01:
 952 0000 56656E64 		.ascii	"Vendor ID\000"
ARM GAS  /tmp/ccp8BhCE.s 			page 17


 952      6F722049 
 952      4400
 953              		.section	.rodata.acName1018_02,"a"
 954              		.align	2
 957              	acName1018_02:
 958 0000 50726F64 		.ascii	"Product Code\000"
 958      75637420 
 958      436F6465 
 958      00
 959              		.section	.rodata.acName1018_03,"a"
 960              		.align	2
 963              	acName1018_03:
 964 0000 52657669 		.ascii	"Revision Number\000"
 964      73696F6E 
 964      204E756D 
 964      62657200 
 965              		.section	.rodata.acName1018_04,"a"
 966              		.align	2
 969              	acName1018_04:
 970 0000 53657269 		.ascii	"Serial Number\000"
 970      616C204E 
 970      756D6265 
 970      7200
 971              		.section	.rodata.acName10F1,"a"
 972              		.align	2
 975              	acName10F1:
 976 0000 4572726F 		.ascii	"Error Settings\000"
 976      72205365 
 976      7474696E 
 976      677300
 977              		.section	.rodata.acName10F1_00,"a"
 978              		.align	2
 981              	acName10F1_00:
 982 0000 4D617820 		.ascii	"Max SubIndex\000"
 982      53756249 
 982      6E646578 
 982      00
 983              		.section	.rodata.acName10F1_01,"a"
 984              		.align	2
 987              	acName10F1_01:
 988 0000 4C6F6361 		.ascii	"Local Error Reaction\000"
 988      6C204572 
 988      726F7220 
 988      52656163 
 988      74696F6E 
 989              		.section	.rodata.acName10F1_02,"a"
 990              		.align	2
 993              	acName10F1_02:
 994 0000 53796E63 		.ascii	"SyncErrorCounterLimit\000"
 994      4572726F 
 994      72436F75 
 994      6E746572 
 994      4C696D69 
 995              		.section	.rodata.acName1600,"a"
 996              		.align	2
 999              	acName1600:
 1000 0000 63616E31 		.ascii	"can1\000"
ARM GAS  /tmp/ccp8BhCE.s 			page 18


 1000      00
 1001              		.section	.rodata.acName1600_00,"a"
 1002              		.align	2
 1005              	acName1600_00:
 1006 0000 4D617820 		.ascii	"Max SubIndex\000"
 1006      53756249 
 1006      6E646578 
 1006      00
 1007              		.section	.rodata.acName1600_01,"a"
 1008              		.align	2
 1011              	acName1600_01:
 1012 0000 53746449 		.ascii	"StdId\000"
 1012      6400
 1013              		.section	.rodata.acName1600_02,"a"
 1014              		.align	2
 1017              	acName1600_02:
 1018 0000 45787449 		.ascii	"ExtId\000"
 1018      6400
 1019              		.section	.rodata.acName1600_03,"a"
 1020              		.align	2
 1023              	acName1600_03:
 1024 0000 49444500 		.ascii	"IDE\000"
 1025              		.section	.rodata.acName1600_04,"a"
 1026              		.align	2
 1029              	acName1600_04:
 1030 0000 52545200 		.ascii	"RTR\000"
 1031              		.section	.rodata.acName1600_05,"a"
 1032              		.align	2
 1035              	acName1600_05:
 1036 0000 444C4300 		.ascii	"DLC\000"
 1037              		.section	.rodata.acName1601,"a"
 1038              		.align	2
 1041              	acName1601:
 1042 0000 63616E31 		.ascii	"can1_data\000"
 1042      5F646174 
 1042      6100
 1043              		.section	.rodata.acName1601_00,"a"
 1044              		.align	2
 1047              	acName1601_00:
 1048 0000 4D617820 		.ascii	"Max SubIndex\000"
 1048      53756249 
 1048      6E646578 
 1048      00
 1049              		.section	.rodata.acName1601_01,"a"
 1050              		.align	2
 1053              	acName1601_01:
 1054 0000 643100   		.ascii	"d1\000"
 1055              		.section	.rodata.acName1601_02,"a"
 1056              		.align	2
 1059              	acName1601_02:
 1060 0000 643200   		.ascii	"d2\000"
 1061              		.section	.rodata.acName1601_03,"a"
 1062              		.align	2
 1065              	acName1601_03:
 1066 0000 643300   		.ascii	"d3\000"
 1067              		.section	.rodata.acName1601_04,"a"
 1068              		.align	2
ARM GAS  /tmp/ccp8BhCE.s 			page 19


 1071              	acName1601_04:
 1072 0000 643400   		.ascii	"d4\000"
 1073              		.section	.rodata.acName1601_05,"a"
 1074              		.align	2
 1077              	acName1601_05:
 1078 0000 643500   		.ascii	"d5\000"
 1079              		.section	.rodata.acName1601_06,"a"
 1080              		.align	2
 1083              	acName1601_06:
 1084 0000 643600   		.ascii	"d6\000"
 1085              		.section	.rodata.acName1601_07,"a"
 1086              		.align	2
 1089              	acName1601_07:
 1090 0000 643700   		.ascii	"d7\000"
 1091              		.section	.rodata.acName1601_08,"a"
 1092              		.align	2
 1095              	acName1601_08:
 1096 0000 643800   		.ascii	"d8\000"
 1097              		.section	.rodata.acName1602,"a"
 1098              		.align	2
 1101              	acName1602:
 1102 0000 6C656400 		.ascii	"led\000"
 1103              		.section	.rodata.acName1602_00,"a"
 1104              		.align	2
 1107              	acName1602_00:
 1108 0000 4D617820 		.ascii	"Max SubIndex\000"
 1108      53756249 
 1108      6E646578 
 1108      00
 1109              		.section	.rodata.acName1602_01,"a"
 1110              		.align	2
 1113              	acName1602_01:
 1114 0000 4C3000   		.ascii	"L0\000"
 1115              		.section	.rodata.acName1602_02,"a"
 1116              		.align	2
 1119              	acName1602_02:
 1120 0000 4C3100   		.ascii	"L1\000"
 1121              		.section	.rodata.acName1602_03,"a"
 1122              		.align	2
 1125              	acName1602_03:
 1126 0000 4C3200   		.ascii	"L2\000"
 1127              		.section	.rodata.acName1A00,"a"
 1128              		.align	2
 1131              	acName1A00:
 1132 0000 63616E31 		.ascii	"can1_rec\000"
 1132      5F726563 
 1132      00
 1133              		.section	.rodata.acName1A00_00,"a"
 1134              		.align	2
 1137              	acName1A00_00:
 1138 0000 4D617820 		.ascii	"Max SubIndex\000"
 1138      53756249 
 1138      6E646578 
 1138      00
 1139              		.section	.rodata.acName1A00_01,"a"
 1140              		.align	2
 1143              	acName1A00_01:
ARM GAS  /tmp/ccp8BhCE.s 			page 20


 1144 0000 73746469 		.ascii	"stdid\000"
 1144      6400
 1145              		.section	.rodata.acName1C00,"a"
 1146              		.align	2
 1149              	acName1C00:
 1150 0000 53796E63 		.ascii	"Sync Manager Communication Type\000"
 1150      204D616E 
 1150      61676572 
 1150      20436F6D 
 1150      6D756E69 
 1151              		.section	.rodata.acName1C00_00,"a"
 1152              		.align	2
 1155              	acName1C00_00:
 1156 0000 4D617820 		.ascii	"Max SubIndex\000"
 1156      53756249 
 1156      6E646578 
 1156      00
 1157              		.section	.rodata.acName1C00_01,"a"
 1158              		.align	2
 1161              	acName1C00_01:
 1162 0000 436F6D6D 		.ascii	"Communications Type SM0\000"
 1162      756E6963 
 1162      6174696F 
 1162      6E732054 
 1162      79706520 
 1163              		.section	.rodata.acName1C00_02,"a"
 1164              		.align	2
 1167              	acName1C00_02:
 1168 0000 436F6D6D 		.ascii	"Communications Type SM1\000"
 1168      756E6963 
 1168      6174696F 
 1168      6E732054 
 1168      79706520 
 1169              		.section	.rodata.acName1C00_03,"a"
 1170              		.align	2
 1173              	acName1C00_03:
 1174 0000 436F6D6D 		.ascii	"Communications Type SM2\000"
 1174      756E6963 
 1174      6174696F 
 1174      6E732054 
 1174      79706520 
 1175              		.section	.rodata.acName1C00_04,"a"
 1176              		.align	2
 1179              	acName1C00_04:
 1180 0000 436F6D6D 		.ascii	"Communications Type SM3\000"
 1180      756E6963 
 1180      6174696F 
 1180      6E732054 
 1180      79706520 
 1181              		.section	.rodata.acName1C12,"a"
 1182              		.align	2
 1185              	acName1C12:
 1186 0000 53796E63 		.ascii	"Sync Manager 2 PDO Assignment\000"
 1186      204D616E 
 1186      61676572 
 1186      20322050 
 1186      444F2041 
ARM GAS  /tmp/ccp8BhCE.s 			page 21


 1187              		.section	.rodata.acName1C12_00,"a"
 1188              		.align	2
 1191              	acName1C12_00:
 1192 0000 4D617820 		.ascii	"Max SubIndex\000"
 1192      53756249 
 1192      6E646578 
 1192      00
 1193              		.section	.rodata.acName1C12_01,"a"
 1194              		.align	2
 1197              	acName1C12_01:
 1198 0000 50444F20 		.ascii	"PDO Mapping\000"
 1198      4D617070 
 1198      696E6700 
 1199              		.section	.rodata.acName1C12_02,"a"
 1200              		.align	2
 1203              	acName1C12_02:
 1204 0000 50444F20 		.ascii	"PDO Mapping\000"
 1204      4D617070 
 1204      696E6700 
 1205              		.section	.rodata.acName1C12_03,"a"
 1206              		.align	2
 1209              	acName1C12_03:
 1210 0000 50444F20 		.ascii	"PDO Mapping\000"
 1210      4D617070 
 1210      696E6700 
 1211              		.section	.rodata.acName1C13,"a"
 1212              		.align	2
 1215              	acName1C13:
 1216 0000 53796E63 		.ascii	"Sync Manager 3 PDO Assignment\000"
 1216      204D616E 
 1216      61676572 
 1216      20332050 
 1216      444F2041 
 1217              		.section	.rodata.acName1C13_00,"a"
 1218              		.align	2
 1221              	acName1C13_00:
 1222 0000 4D617820 		.ascii	"Max SubIndex\000"
 1222      53756249 
 1222      6E646578 
 1222      00
 1223              		.section	.rodata.acName1C13_01,"a"
 1224              		.align	2
 1227              	acName1C13_01:
 1228 0000 50444F20 		.ascii	"PDO Mapping\000"
 1228      4D617070 
 1228      696E6700 
 1229              		.section	.rodata.acName1C32,"a"
 1230              		.align	2
 1233              	acName1C32:
 1234 0000 53796E63 		.ascii	"Sync Manager 2 Parameters\000"
 1234      204D616E 
 1234      61676572 
 1234      20322050 
 1234      6172616D 
 1235              		.section	.rodata.acName1C32_00,"a"
 1236              		.align	2
 1239              	acName1C32_00:
ARM GAS  /tmp/ccp8BhCE.s 			page 22


 1240 0000 4D617820 		.ascii	"Max SubIndex\000"
 1240      53756249 
 1240      6E646578 
 1240      00
 1241              		.section	.rodata.acName1C32_01,"a"
 1242              		.align	2
 1245              	acName1C32_01:
 1246 0000 53796E63 		.ascii	"Sync mode\000"
 1246      206D6F64 
 1246      6500
 1247              		.section	.rodata.acName1C32_02,"a"
 1248              		.align	2
 1251              	acName1C32_02:
 1252 0000 4379636C 		.ascii	"CycleTime\000"
 1252      6554696D 
 1252      6500
 1253              		.section	.rodata.acName1C32_03,"a"
 1254              		.align	2
 1257              	acName1C32_03:
 1258 0000 53686966 		.ascii	"ShiftTime\000"
 1258      7454696D 
 1258      6500
 1259              		.section	.rodata.acName1C32_04,"a"
 1260              		.align	2
 1263              	acName1C32_04:
 1264 0000 53796E63 		.ascii	"Sync modes supported\000"
 1264      206D6F64 
 1264      65732073 
 1264      7570706F 
 1264      72746564 
 1265              		.section	.rodata.acName1C32_05,"a"
 1266              		.align	2
 1269              	acName1C32_05:
 1270 0000 4D696E69 		.ascii	"Minimum Cycle Time\000"
 1270      6D756D20 
 1270      4379636C 
 1270      65205469 
 1270      6D6500
 1271              		.section	.rodata.acName1C33,"a"
 1272              		.align	2
 1275              	acName1C33:
 1276 0000 53796E63 		.ascii	"Sync Manager 3 Parameters\000"
 1276      204D616E 
 1276      61676572 
 1276      20332050 
 1276      6172616D 
 1277              		.section	.rodata.acName1C33_00,"a"
 1278              		.align	2
 1281              	acName1C33_00:
 1282 0000 4D617820 		.ascii	"Max SubIndex\000"
 1282      53756249 
 1282      6E646578 
 1282      00
 1283              		.section	.rodata.acName1C33_01,"a"
 1284              		.align	2
 1287              	acName1C33_01:
 1288 0000 53796E63 		.ascii	"Sync mode\000"
ARM GAS  /tmp/ccp8BhCE.s 			page 23


 1288      206D6F64 
 1288      6500
 1289              		.section	.rodata.acName1C33_02,"a"
 1290              		.align	2
 1293              	acName1C33_02:
 1294 0000 4379636C 		.ascii	"CycleTime\000"
 1294      6554696D 
 1294      6500
 1295              		.section	.rodata.acName1C33_03,"a"
 1296              		.align	2
 1299              	acName1C33_03:
 1300 0000 53686966 		.ascii	"ShiftTime\000"
 1300      7454696D 
 1300      6500
 1301              		.section	.rodata.acName1C33_04,"a"
 1302              		.align	2
 1305              	acName1C33_04:
 1306 0000 53796E63 		.ascii	"Sync modes supported\000"
 1306      206D6F64 
 1306      65732073 
 1306      7570706F 
 1306      72746564 
 1307              		.section	.rodata.acName1C33_05,"a"
 1308              		.align	2
 1311              	acName1C33_05:
 1312 0000 4D696E69 		.ascii	"Minimum Cycle Time\000"
 1312      6D756D20 
 1312      4379636C 
 1312      65205469 
 1312      6D6500
 1313              		.section	.rodata.acName6000,"a"
 1314              		.align	2
 1317              	acName6000:
 1318 0000 63616E31 		.ascii	"can1_rec\000"
 1318      5F726563 
 1318      00
 1319              		.section	.rodata.acName6000_00,"a"
 1320              		.align	2
 1323              	acName6000_00:
 1324 0000 4D617820 		.ascii	"Max SubIndex\000"
 1324      53756249 
 1324      6E646578 
 1324      00
 1325              		.section	.rodata.acName6000_01,"a"
 1326              		.align	2
 1329              	acName6000_01:
 1330 0000 73746469 		.ascii	"stdid\000"
 1330      6400
 1331              		.section	.rodata.acName6060,"a"
 1332              		.align	2
 1335              	acName6060:
 1336 0000 4D6F6465 		.ascii	"Modes of operation\000"
 1336      73206F66 
 1336      206F7065 
 1336      72617469 
 1336      6F6E00
 1337              		.section	.rodata.acName6061,"a"
ARM GAS  /tmp/ccp8BhCE.s 			page 24


 1338              		.align	2
 1341              	acName6061:
 1342 0000 4D6F6465 		.ascii	"Mode of operation display\000"
 1342      206F6620 
 1342      6F706572 
 1342      6174696F 
 1342      6E206469 
 1343              		.section	.rodata.acName6502,"a"
 1344              		.align	2
 1347              	acName6502:
 1348 0000 53757070 		.ascii	"Supported drive modes\000"
 1348      6F727465 
 1348      64206472 
 1348      69766520 
 1348      6D6F6465 
 1349              		.section	.rodata.acName7000,"a"
 1350              		.align	2
 1353              	acName7000:
 1354 0000 63616E31 		.ascii	"can1\000"
 1354      00
 1355              		.section	.rodata.acName7000_00,"a"
 1356              		.align	2
 1359              	acName7000_00:
 1360 0000 4D617820 		.ascii	"Max SubIndex\000"
 1360      53756249 
 1360      6E646578 
 1360      00
 1361              		.section	.rodata.acName7000_01,"a"
 1362              		.align	2
 1365              	acName7000_01:
 1366 0000 53746449 		.ascii	"StdId\000"
 1366      6400
 1367              		.section	.rodata.acName7000_02,"a"
 1368              		.align	2
 1371              	acName7000_02:
 1372 0000 45787449 		.ascii	"ExtId\000"
 1372      6400
 1373              		.section	.rodata.acName7000_03,"a"
 1374              		.align	2
 1377              	acName7000_03:
 1378 0000 49444500 		.ascii	"IDE\000"
 1379              		.section	.rodata.acName7000_04,"a"
 1380              		.align	2
 1383              	acName7000_04:
 1384 0000 52545200 		.ascii	"RTR\000"
 1385              		.section	.rodata.acName7000_05,"a"
 1386              		.align	2
 1389              	acName7000_05:
 1390 0000 444C4300 		.ascii	"DLC\000"
 1391              		.section	.rodata.acName7001,"a"
 1392              		.align	2
 1395              	acName7001:
 1396 0000 63616E31 		.ascii	"can1_data\000"
 1396      5F646174 
 1396      6100
 1397              		.section	.rodata.acName7001_00,"a"
 1398              		.align	2
ARM GAS  /tmp/ccp8BhCE.s 			page 25


 1401              	acName7001_00:
 1402 0000 4D617820 		.ascii	"Max SubIndex\000"
 1402      53756249 
 1402      6E646578 
 1402      00
 1403              		.section	.rodata.acName7001_01,"a"
 1404              		.align	2
 1407              	acName7001_01:
 1408 0000 643100   		.ascii	"d1\000"
 1409              		.section	.rodata.acName7001_02,"a"
 1410              		.align	2
 1413              	acName7001_02:
 1414 0000 643200   		.ascii	"d2\000"
 1415              		.section	.rodata.acName7001_03,"a"
 1416              		.align	2
 1419              	acName7001_03:
 1420 0000 643300   		.ascii	"d3\000"
 1421              		.section	.rodata.acName7001_04,"a"
 1422              		.align	2
 1425              	acName7001_04:
 1426 0000 643400   		.ascii	"d4\000"
 1427              		.section	.rodata.acName7001_05,"a"
 1428              		.align	2
 1431              	acName7001_05:
 1432 0000 643500   		.ascii	"d5\000"
 1433              		.section	.rodata.acName7001_06,"a"
 1434              		.align	2
 1437              	acName7001_06:
 1438 0000 643600   		.ascii	"d6\000"
 1439              		.section	.rodata.acName7001_07,"a"
 1440              		.align	2
 1443              	acName7001_07:
 1444 0000 643700   		.ascii	"d7\000"
 1445              		.section	.rodata.acName7001_08,"a"
 1446              		.align	2
 1449              	acName7001_08:
 1450 0000 643800   		.ascii	"d8\000"
 1451              		.section	.rodata.acName7002,"a"
 1452              		.align	2
 1455              	acName7002:
 1456 0000 6C656400 		.ascii	"led\000"
 1457              		.section	.rodata.acName7002_00,"a"
 1458              		.align	2
 1461              	acName7002_00:
 1462 0000 4D617820 		.ascii	"Max SubIndex\000"
 1462      53756249 
 1462      6E646578 
 1462      00
 1463              		.section	.rodata.acName7002_01,"a"
 1464              		.align	2
 1467              	acName7002_01:
 1468 0000 4C3000   		.ascii	"L0\000"
 1469              		.section	.rodata.acName7002_02,"a"
 1470              		.align	2
 1473              	acName7002_02:
 1474 0000 4C3100   		.ascii	"L1\000"
 1475              		.section	.rodata.acName7002_03,"a"
ARM GAS  /tmp/ccp8BhCE.s 			page 26


 1476              		.align	2
 1479              	acName7002_03:
 1480 0000 4C3200   		.ascii	"L2\000"
 1481              		.text
 1482              	.Letext0:
 1483              		.file 1 "/usr/share/gcc-arm-none-eabi-10.3-2021.10/arm-none-eabi/include/machine/_default_types.h"
 1484              		.file 2 "/usr/share/gcc-arm-none-eabi-10.3-2021.10/arm-none-eabi/include/sys/_stdint.h"
 1485              		.file 3 "Lib/soes/inc/esc_coe.h"
 1486              		.file 4 "Lib/soes-esi/utypes.h"
 1487              		.file 5 "Lib/soes-esi/objectlist.c"
ARM GAS  /tmp/ccp8BhCE.s 			page 27


DEFINED SYMBOLS
                            *ABS*:0000000000000000 objectlist.c
     /tmp/ccp8BhCE.s:736    .rodata.SDOobjects:0000000000000000 SDOobjects
     /tmp/ccp8BhCE.s:703    .rodata.SDO7002:0000000000000000 SDO7002
     /tmp/ccp8BhCE.s:635    .rodata.SDO7001:0000000000000000 SDO7001
     /tmp/ccp8BhCE.s:588    .rodata.SDO7000:0000000000000000 SDO7000
     /tmp/ccp8BhCE.s:576    .rodata.SDO6502:0000000000000000 SDO6502
     /tmp/ccp8BhCE.s:564    .rodata.SDO6061:0000000000000000 SDO6061
     /tmp/ccp8BhCE.s:552    .rodata.SDO6060:0000000000000000 SDO6060
     /tmp/ccp8BhCE.s:533    .rodata.SDO6000:0000000000000000 SDO6000
     /tmp/ccp8BhCE.s:486    .rodata.SDO1C33:0000000000000000 SDO1C33
     /tmp/ccp8BhCE.s:439    .rodata.SDO1C32:0000000000000000 SDO1C32
     /tmp/ccp8BhCE.s:420    .rodata.SDO1C13:0000000000000000 SDO1C13
     /tmp/ccp8BhCE.s:387    .rodata.SDO1C12:0000000000000000 SDO1C12
     /tmp/ccp8BhCE.s:347    .rodata.SDO1C00:0000000000000000 SDO1C00
     /tmp/ccp8BhCE.s:328    .rodata.SDO1A00:0000000000000000 SDO1A00
     /tmp/ccp8BhCE.s:295    .rodata.SDO1602:0000000000000000 SDO1602
     /tmp/ccp8BhCE.s:227    .rodata.SDO1601:0000000000000000 SDO1601
     /tmp/ccp8BhCE.s:180    .rodata.SDO1600:0000000000000000 SDO1600
     /tmp/ccp8BhCE.s:154    .rodata.SDO10F1:0000000000000000 SDO10F1
     /tmp/ccp8BhCE.s:114    .rodata.SDO1018:0000000000000000 SDO1018
     /tmp/ccp8BhCE.s:102    .rodata.SDO100A:0000000000000000 SDO100A
     /tmp/ccp8BhCE.s:40     .rodata.str1.4:0000000000000000 $d
     /tmp/ccp8BhCE.s:90     .rodata.SDO1009:0000000000000000 SDO1009
     /tmp/ccp8BhCE.s:78     .rodata.SDO1008:0000000000000000 SDO1008
     /tmp/ccp8BhCE.s:66     .rodata.SDO1001:0000000000000000 SDO1001
     /tmp/ccp8BhCE.s:54     .rodata.SDO1000:0000000000000000 SDO1000
     /tmp/ccp8BhCE.s:51     .rodata.SDO1000:0000000000000000 $d
     /tmp/ccp8BhCE.s:909    .rodata.acName1000:0000000000000000 acName1000
     /tmp/ccp8BhCE.s:63     .rodata.SDO1001:0000000000000000 $d
     /tmp/ccp8BhCE.s:915    .rodata.acName1001:0000000000000000 acName1001
     /tmp/ccp8BhCE.s:75     .rodata.SDO1008:0000000000000000 $d
     /tmp/ccp8BhCE.s:921    .rodata.acName1008:0000000000000000 acName1008
     /tmp/ccp8BhCE.s:87     .rodata.SDO1009:0000000000000000 $d
     /tmp/ccp8BhCE.s:927    .rodata.acName1009:0000000000000000 acName1009
     /tmp/ccp8BhCE.s:99     .rodata.SDO100A:0000000000000000 $d
     /tmp/ccp8BhCE.s:933    .rodata.acName100A:0000000000000000 acName100A
     /tmp/ccp8BhCE.s:111    .rodata.SDO1018:0000000000000000 $d
     /tmp/ccp8BhCE.s:945    .rodata.acName1018_00:0000000000000000 acName1018_00
     /tmp/ccp8BhCE.s:951    .rodata.acName1018_01:0000000000000000 acName1018_01
     /tmp/ccp8BhCE.s:957    .rodata.acName1018_02:0000000000000000 acName1018_02
     /tmp/ccp8BhCE.s:963    .rodata.acName1018_03:0000000000000000 acName1018_03
     /tmp/ccp8BhCE.s:969    .rodata.acName1018_04:0000000000000000 acName1018_04
     /tmp/ccp8BhCE.s:151    .rodata.SDO10F1:0000000000000000 $d
     /tmp/ccp8BhCE.s:981    .rodata.acName10F1_00:0000000000000000 acName10F1_00
     /tmp/ccp8BhCE.s:987    .rodata.acName10F1_01:0000000000000000 acName10F1_01
     /tmp/ccp8BhCE.s:993    .rodata.acName10F1_02:0000000000000000 acName10F1_02
     /tmp/ccp8BhCE.s:177    .rodata.SDO1600:0000000000000000 $d
     /tmp/ccp8BhCE.s:1005   .rodata.acName1600_00:0000000000000000 acName1600_00
     /tmp/ccp8BhCE.s:1011   .rodata.acName1600_01:0000000000000000 acName1600_01
     /tmp/ccp8BhCE.s:1017   .rodata.acName1600_02:0000000000000000 acName1600_02
     /tmp/ccp8BhCE.s:1023   .rodata.acName1600_03:0000000000000000 acName1600_03
     /tmp/ccp8BhCE.s:1029   .rodata.acName1600_04:0000000000000000 acName1600_04
     /tmp/ccp8BhCE.s:1035   .rodata.acName1600_05:0000000000000000 acName1600_05
     /tmp/ccp8BhCE.s:224    .rodata.SDO1601:0000000000000000 $d
     /tmp/ccp8BhCE.s:1047   .rodata.acName1601_00:0000000000000000 acName1601_00
     /tmp/ccp8BhCE.s:1053   .rodata.acName1601_01:0000000000000000 acName1601_01
ARM GAS  /tmp/ccp8BhCE.s 			page 28


     /tmp/ccp8BhCE.s:1059   .rodata.acName1601_02:0000000000000000 acName1601_02
     /tmp/ccp8BhCE.s:1065   .rodata.acName1601_03:0000000000000000 acName1601_03
     /tmp/ccp8BhCE.s:1071   .rodata.acName1601_04:0000000000000000 acName1601_04
     /tmp/ccp8BhCE.s:1077   .rodata.acName1601_05:0000000000000000 acName1601_05
     /tmp/ccp8BhCE.s:1083   .rodata.acName1601_06:0000000000000000 acName1601_06
     /tmp/ccp8BhCE.s:1089   .rodata.acName1601_07:0000000000000000 acName1601_07
     /tmp/ccp8BhCE.s:1095   .rodata.acName1601_08:0000000000000000 acName1601_08
     /tmp/ccp8BhCE.s:292    .rodata.SDO1602:0000000000000000 $d
     /tmp/ccp8BhCE.s:1107   .rodata.acName1602_00:0000000000000000 acName1602_00
     /tmp/ccp8BhCE.s:1113   .rodata.acName1602_01:0000000000000000 acName1602_01
     /tmp/ccp8BhCE.s:1119   .rodata.acName1602_02:0000000000000000 acName1602_02
     /tmp/ccp8BhCE.s:1125   .rodata.acName1602_03:0000000000000000 acName1602_03
     /tmp/ccp8BhCE.s:325    .rodata.SDO1A00:0000000000000000 $d
     /tmp/ccp8BhCE.s:1137   .rodata.acName1A00_00:0000000000000000 acName1A00_00
     /tmp/ccp8BhCE.s:1143   .rodata.acName1A00_01:0000000000000000 acName1A00_01
     /tmp/ccp8BhCE.s:344    .rodata.SDO1C00:0000000000000000 $d
     /tmp/ccp8BhCE.s:1155   .rodata.acName1C00_00:0000000000000000 acName1C00_00
     /tmp/ccp8BhCE.s:1161   .rodata.acName1C00_01:0000000000000000 acName1C00_01
     /tmp/ccp8BhCE.s:1167   .rodata.acName1C00_02:0000000000000000 acName1C00_02
     /tmp/ccp8BhCE.s:1173   .rodata.acName1C00_03:0000000000000000 acName1C00_03
     /tmp/ccp8BhCE.s:1179   .rodata.acName1C00_04:0000000000000000 acName1C00_04
     /tmp/ccp8BhCE.s:384    .rodata.SDO1C12:0000000000000000 $d
     /tmp/ccp8BhCE.s:1191   .rodata.acName1C12_00:0000000000000000 acName1C12_00
     /tmp/ccp8BhCE.s:1197   .rodata.acName1C12_01:0000000000000000 acName1C12_01
     /tmp/ccp8BhCE.s:1203   .rodata.acName1C12_02:0000000000000000 acName1C12_02
     /tmp/ccp8BhCE.s:1209   .rodata.acName1C12_03:0000000000000000 acName1C12_03
     /tmp/ccp8BhCE.s:417    .rodata.SDO1C13:0000000000000000 $d
     /tmp/ccp8BhCE.s:1221   .rodata.acName1C13_00:0000000000000000 acName1C13_00
     /tmp/ccp8BhCE.s:1227   .rodata.acName1C13_01:0000000000000000 acName1C13_01
     /tmp/ccp8BhCE.s:436    .rodata.SDO1C32:0000000000000000 $d
     /tmp/ccp8BhCE.s:1239   .rodata.acName1C32_00:0000000000000000 acName1C32_00
     /tmp/ccp8BhCE.s:1245   .rodata.acName1C32_01:0000000000000000 acName1C32_01
     /tmp/ccp8BhCE.s:1251   .rodata.acName1C32_02:0000000000000000 acName1C32_02
     /tmp/ccp8BhCE.s:1257   .rodata.acName1C32_03:0000000000000000 acName1C32_03
     /tmp/ccp8BhCE.s:1263   .rodata.acName1C32_04:0000000000000000 acName1C32_04
     /tmp/ccp8BhCE.s:1269   .rodata.acName1C32_05:0000000000000000 acName1C32_05
     /tmp/ccp8BhCE.s:483    .rodata.SDO1C33:0000000000000000 $d
     /tmp/ccp8BhCE.s:1281   .rodata.acName1C33_00:0000000000000000 acName1C33_00
     /tmp/ccp8BhCE.s:1287   .rodata.acName1C33_01:0000000000000000 acName1C33_01
     /tmp/ccp8BhCE.s:1293   .rodata.acName1C33_02:0000000000000000 acName1C33_02
     /tmp/ccp8BhCE.s:1299   .rodata.acName1C33_03:0000000000000000 acName1C33_03
     /tmp/ccp8BhCE.s:1305   .rodata.acName1C33_04:0000000000000000 acName1C33_04
     /tmp/ccp8BhCE.s:1311   .rodata.acName1C33_05:0000000000000000 acName1C33_05
     /tmp/ccp8BhCE.s:530    .rodata.SDO6000:0000000000000000 $d
     /tmp/ccp8BhCE.s:1323   .rodata.acName6000_00:0000000000000000 acName6000_00
     /tmp/ccp8BhCE.s:1329   .rodata.acName6000_01:0000000000000000 acName6000_01
     /tmp/ccp8BhCE.s:549    .rodata.SDO6060:0000000000000000 $d
     /tmp/ccp8BhCE.s:1335   .rodata.acName6060:0000000000000000 acName6060
     /tmp/ccp8BhCE.s:561    .rodata.SDO6061:0000000000000000 $d
     /tmp/ccp8BhCE.s:1341   .rodata.acName6061:0000000000000000 acName6061
     /tmp/ccp8BhCE.s:573    .rodata.SDO6502:0000000000000000 $d
     /tmp/ccp8BhCE.s:1347   .rodata.acName6502:0000000000000000 acName6502
     /tmp/ccp8BhCE.s:585    .rodata.SDO7000:0000000000000000 $d
     /tmp/ccp8BhCE.s:1359   .rodata.acName7000_00:0000000000000000 acName7000_00
     /tmp/ccp8BhCE.s:1365   .rodata.acName7000_01:0000000000000000 acName7000_01
     /tmp/ccp8BhCE.s:1371   .rodata.acName7000_02:0000000000000000 acName7000_02
     /tmp/ccp8BhCE.s:1377   .rodata.acName7000_03:0000000000000000 acName7000_03
ARM GAS  /tmp/ccp8BhCE.s 			page 29


     /tmp/ccp8BhCE.s:1383   .rodata.acName7000_04:0000000000000000 acName7000_04
     /tmp/ccp8BhCE.s:1389   .rodata.acName7000_05:0000000000000000 acName7000_05
     /tmp/ccp8BhCE.s:632    .rodata.SDO7001:0000000000000000 $d
     /tmp/ccp8BhCE.s:1401   .rodata.acName7001_00:0000000000000000 acName7001_00
     /tmp/ccp8BhCE.s:1407   .rodata.acName7001_01:0000000000000000 acName7001_01
     /tmp/ccp8BhCE.s:1413   .rodata.acName7001_02:0000000000000000 acName7001_02
     /tmp/ccp8BhCE.s:1419   .rodata.acName7001_03:0000000000000000 acName7001_03
     /tmp/ccp8BhCE.s:1425   .rodata.acName7001_04:0000000000000000 acName7001_04
     /tmp/ccp8BhCE.s:1431   .rodata.acName7001_05:0000000000000000 acName7001_05
     /tmp/ccp8BhCE.s:1437   .rodata.acName7001_06:0000000000000000 acName7001_06
     /tmp/ccp8BhCE.s:1443   .rodata.acName7001_07:0000000000000000 acName7001_07
     /tmp/ccp8BhCE.s:1449   .rodata.acName7001_08:0000000000000000 acName7001_08
     /tmp/ccp8BhCE.s:700    .rodata.SDO7002:0000000000000000 $d
     /tmp/ccp8BhCE.s:1461   .rodata.acName7002_00:0000000000000000 acName7002_00
     /tmp/ccp8BhCE.s:1467   .rodata.acName7002_01:0000000000000000 acName7002_01
     /tmp/ccp8BhCE.s:1473   .rodata.acName7002_02:0000000000000000 acName7002_02
     /tmp/ccp8BhCE.s:1479   .rodata.acName7002_03:0000000000000000 acName7002_03
     /tmp/ccp8BhCE.s:733    .rodata.SDOobjects:0000000000000000 $d
     /tmp/ccp8BhCE.s:939    .rodata.acName1018:0000000000000000 acName1018
     /tmp/ccp8BhCE.s:975    .rodata.acName10F1:0000000000000000 acName10F1
     /tmp/ccp8BhCE.s:999    .rodata.acName1600:0000000000000000 acName1600
     /tmp/ccp8BhCE.s:1041   .rodata.acName1601:0000000000000000 acName1601
     /tmp/ccp8BhCE.s:1101   .rodata.acName1602:0000000000000000 acName1602
     /tmp/ccp8BhCE.s:1131   .rodata.acName1A00:0000000000000000 acName1A00
     /tmp/ccp8BhCE.s:1149   .rodata.acName1C00:0000000000000000 acName1C00
     /tmp/ccp8BhCE.s:1185   .rodata.acName1C12:0000000000000000 acName1C12
     /tmp/ccp8BhCE.s:1215   .rodata.acName1C13:0000000000000000 acName1C13
     /tmp/ccp8BhCE.s:1233   .rodata.acName1C32:0000000000000000 acName1C32
     /tmp/ccp8BhCE.s:1275   .rodata.acName1C33:0000000000000000 acName1C33
     /tmp/ccp8BhCE.s:1317   .rodata.acName6000:0000000000000000 acName6000
     /tmp/ccp8BhCE.s:1353   .rodata.acName7000:0000000000000000 acName7000
     /tmp/ccp8BhCE.s:1395   .rodata.acName7001:0000000000000000 acName7001
     /tmp/ccp8BhCE.s:1455   .rodata.acName7002:0000000000000000 acName7002
     /tmp/ccp8BhCE.s:906    .rodata.acName1000:0000000000000000 $d
     /tmp/ccp8BhCE.s:912    .rodata.acName1001:0000000000000000 $d
     /tmp/ccp8BhCE.s:918    .rodata.acName1008:0000000000000000 $d
     /tmp/ccp8BhCE.s:924    .rodata.acName1009:0000000000000000 $d
     /tmp/ccp8BhCE.s:930    .rodata.acName100A:0000000000000000 $d
     /tmp/ccp8BhCE.s:936    .rodata.acName1018:0000000000000000 $d
     /tmp/ccp8BhCE.s:942    .rodata.acName1018_00:0000000000000000 $d
     /tmp/ccp8BhCE.s:948    .rodata.acName1018_01:0000000000000000 $d
     /tmp/ccp8BhCE.s:954    .rodata.acName1018_02:0000000000000000 $d
     /tmp/ccp8BhCE.s:960    .rodata.acName1018_03:0000000000000000 $d
     /tmp/ccp8BhCE.s:966    .rodata.acName1018_04:0000000000000000 $d
     /tmp/ccp8BhCE.s:972    .rodata.acName10F1:0000000000000000 $d
     /tmp/ccp8BhCE.s:978    .rodata.acName10F1_00:0000000000000000 $d
     /tmp/ccp8BhCE.s:984    .rodata.acName10F1_01:0000000000000000 $d
     /tmp/ccp8BhCE.s:990    .rodata.acName10F1_02:0000000000000000 $d
     /tmp/ccp8BhCE.s:996    .rodata.acName1600:0000000000000000 $d
     /tmp/ccp8BhCE.s:1002   .rodata.acName1600_00:0000000000000000 $d
     /tmp/ccp8BhCE.s:1008   .rodata.acName1600_01:0000000000000000 $d
     /tmp/ccp8BhCE.s:1014   .rodata.acName1600_02:0000000000000000 $d
     /tmp/ccp8BhCE.s:1020   .rodata.acName1600_03:0000000000000000 $d
     /tmp/ccp8BhCE.s:1026   .rodata.acName1600_04:0000000000000000 $d
     /tmp/ccp8BhCE.s:1032   .rodata.acName1600_05:0000000000000000 $d
     /tmp/ccp8BhCE.s:1038   .rodata.acName1601:0000000000000000 $d
     /tmp/ccp8BhCE.s:1044   .rodata.acName1601_00:0000000000000000 $d
ARM GAS  /tmp/ccp8BhCE.s 			page 30


     /tmp/ccp8BhCE.s:1050   .rodata.acName1601_01:0000000000000000 $d
     /tmp/ccp8BhCE.s:1056   .rodata.acName1601_02:0000000000000000 $d
     /tmp/ccp8BhCE.s:1062   .rodata.acName1601_03:0000000000000000 $d
     /tmp/ccp8BhCE.s:1068   .rodata.acName1601_04:0000000000000000 $d
     /tmp/ccp8BhCE.s:1074   .rodata.acName1601_05:0000000000000000 $d
     /tmp/ccp8BhCE.s:1080   .rodata.acName1601_06:0000000000000000 $d
     /tmp/ccp8BhCE.s:1086   .rodata.acName1601_07:0000000000000000 $d
     /tmp/ccp8BhCE.s:1092   .rodata.acName1601_08:0000000000000000 $d
     /tmp/ccp8BhCE.s:1098   .rodata.acName1602:0000000000000000 $d
     /tmp/ccp8BhCE.s:1104   .rodata.acName1602_00:0000000000000000 $d
     /tmp/ccp8BhCE.s:1110   .rodata.acName1602_01:0000000000000000 $d
     /tmp/ccp8BhCE.s:1116   .rodata.acName1602_02:0000000000000000 $d
     /tmp/ccp8BhCE.s:1122   .rodata.acName1602_03:0000000000000000 $d
     /tmp/ccp8BhCE.s:1128   .rodata.acName1A00:0000000000000000 $d
     /tmp/ccp8BhCE.s:1134   .rodata.acName1A00_00:0000000000000000 $d
     /tmp/ccp8BhCE.s:1140   .rodata.acName1A00_01:0000000000000000 $d
     /tmp/ccp8BhCE.s:1146   .rodata.acName1C00:0000000000000000 $d
     /tmp/ccp8BhCE.s:1152   .rodata.acName1C00_00:0000000000000000 $d
     /tmp/ccp8BhCE.s:1158   .rodata.acName1C00_01:0000000000000000 $d
     /tmp/ccp8BhCE.s:1164   .rodata.acName1C00_02:0000000000000000 $d
     /tmp/ccp8BhCE.s:1170   .rodata.acName1C00_03:0000000000000000 $d
     /tmp/ccp8BhCE.s:1176   .rodata.acName1C00_04:0000000000000000 $d
     /tmp/ccp8BhCE.s:1182   .rodata.acName1C12:0000000000000000 $d
     /tmp/ccp8BhCE.s:1188   .rodata.acName1C12_00:0000000000000000 $d
     /tmp/ccp8BhCE.s:1194   .rodata.acName1C12_01:0000000000000000 $d
     /tmp/ccp8BhCE.s:1200   .rodata.acName1C12_02:0000000000000000 $d
     /tmp/ccp8BhCE.s:1206   .rodata.acName1C12_03:0000000000000000 $d
     /tmp/ccp8BhCE.s:1212   .rodata.acName1C13:0000000000000000 $d
     /tmp/ccp8BhCE.s:1218   .rodata.acName1C13_00:0000000000000000 $d
     /tmp/ccp8BhCE.s:1224   .rodata.acName1C13_01:0000000000000000 $d
     /tmp/ccp8BhCE.s:1230   .rodata.acName1C32:0000000000000000 $d
     /tmp/ccp8BhCE.s:1236   .rodata.acName1C32_00:0000000000000000 $d
     /tmp/ccp8BhCE.s:1242   .rodata.acName1C32_01:0000000000000000 $d
     /tmp/ccp8BhCE.s:1248   .rodata.acName1C32_02:0000000000000000 $d
     /tmp/ccp8BhCE.s:1254   .rodata.acName1C32_03:0000000000000000 $d
     /tmp/ccp8BhCE.s:1260   .rodata.acName1C32_04:0000000000000000 $d
     /tmp/ccp8BhCE.s:1266   .rodata.acName1C32_05:0000000000000000 $d
     /tmp/ccp8BhCE.s:1272   .rodata.acName1C33:0000000000000000 $d
     /tmp/ccp8BhCE.s:1278   .rodata.acName1C33_00:0000000000000000 $d
     /tmp/ccp8BhCE.s:1284   .rodata.acName1C33_01:0000000000000000 $d
     /tmp/ccp8BhCE.s:1290   .rodata.acName1C33_02:0000000000000000 $d
     /tmp/ccp8BhCE.s:1296   .rodata.acName1C33_03:0000000000000000 $d
     /tmp/ccp8BhCE.s:1302   .rodata.acName1C33_04:0000000000000000 $d
     /tmp/ccp8BhCE.s:1308   .rodata.acName1C33_05:0000000000000000 $d
     /tmp/ccp8BhCE.s:1314   .rodata.acName6000:0000000000000000 $d
     /tmp/ccp8BhCE.s:1320   .rodata.acName6000_00:0000000000000000 $d
     /tmp/ccp8BhCE.s:1326   .rodata.acName6000_01:0000000000000000 $d
     /tmp/ccp8BhCE.s:1332   .rodata.acName6060:0000000000000000 $d
     /tmp/ccp8BhCE.s:1338   .rodata.acName6061:0000000000000000 $d
     /tmp/ccp8BhCE.s:1344   .rodata.acName6502:0000000000000000 $d
     /tmp/ccp8BhCE.s:1350   .rodata.acName7000:0000000000000000 $d
     /tmp/ccp8BhCE.s:1356   .rodata.acName7000_00:0000000000000000 $d
     /tmp/ccp8BhCE.s:1362   .rodata.acName7000_01:0000000000000000 $d
     /tmp/ccp8BhCE.s:1368   .rodata.acName7000_02:0000000000000000 $d
     /tmp/ccp8BhCE.s:1374   .rodata.acName7000_03:0000000000000000 $d
     /tmp/ccp8BhCE.s:1380   .rodata.acName7000_04:0000000000000000 $d
     /tmp/ccp8BhCE.s:1386   .rodata.acName7000_05:0000000000000000 $d
ARM GAS  /tmp/ccp8BhCE.s 			page 31


     /tmp/ccp8BhCE.s:1392   .rodata.acName7001:0000000000000000 $d
     /tmp/ccp8BhCE.s:1398   .rodata.acName7001_00:0000000000000000 $d
     /tmp/ccp8BhCE.s:1404   .rodata.acName7001_01:0000000000000000 $d
     /tmp/ccp8BhCE.s:1410   .rodata.acName7001_02:0000000000000000 $d
     /tmp/ccp8BhCE.s:1416   .rodata.acName7001_03:0000000000000000 $d
     /tmp/ccp8BhCE.s:1422   .rodata.acName7001_04:0000000000000000 $d
     /tmp/ccp8BhCE.s:1428   .rodata.acName7001_05:0000000000000000 $d
     /tmp/ccp8BhCE.s:1434   .rodata.acName7001_06:0000000000000000 $d
     /tmp/ccp8BhCE.s:1440   .rodata.acName7001_07:0000000000000000 $d
     /tmp/ccp8BhCE.s:1446   .rodata.acName7001_08:0000000000000000 $d
     /tmp/ccp8BhCE.s:1452   .rodata.acName7002:0000000000000000 $d
     /tmp/ccp8BhCE.s:1458   .rodata.acName7002_00:0000000000000000 $d
     /tmp/ccp8BhCE.s:1464   .rodata.acName7002_01:0000000000000000 $d
     /tmp/ccp8BhCE.s:1470   .rodata.acName7002_02:0000000000000000 $d
     /tmp/ccp8BhCE.s:1476   .rodata.acName7002_03:0000000000000000 $d

UNDEFINED SYMBOLS
Obj
